{"name": "После оформления заказа его номер появляется в разделе \"В работе\"", "status": "broken", "statusDetails": {"message": "selenium.common.exceptions.TimeoutException: Message: \nStacktrace:\nRemoteError@chrome://remote/content/shared/RemoteError.sys.mjs:8:8\nWebDriverError@chrome://remote/content/shared/webdriver/Errors.sys.mjs:189:5\nNoSuchElementError@chrome://remote/content/shared/webdriver/Errors.sys.mjs:507:5\ndom.find/</<@chrome://remote/content/shared/DOM.sys.mjs:132:16", "trace": "self = <test_order_feed.TestOrderFeedPage object at 0x10ed4f010>\ndriver = <selenium.webdriver.firefox.webdriver.WebDriver (session=\"21aebf12-90ea-4645-aa51-ddc85ddd6742\")>\nlogin = <selenium.webdriver.firefox.webdriver.WebDriver (session=\"21aebf12-90ea-4645-aa51-ddc85ddd6742\")>\n\n    @allure.title('После оформления заказа его номер появляется в разделе \"В работе\"')\n    def test_number_order_appears_in_work(self, driver, login):\n        main_page = MainPage(driver)\n        main_page.check_counter_ingredients()\n        main_page.drag_and_drop_on_element(locator_1=MainPageLocators.INGREDIENT, locator_2=MainPageLocators.DRAG_HERE)\n        main_page.click_button_create_order()\n        order_number = main_page.check_order_number()\n        main_page.click_button_close_in_modal_window()\n        main_page.click_button_order_feed()\n        order_feed_page = OrderFeedPage(driver)\n>       order_number_in_work = order_feed_page.check_order_number_in_work()\n\ntests/test_order_feed.py:76: \n_ _ _ _ _ _ _ _ _ _ _ _ _ _ _ _ _ _ _ _ _ _ _ _ _ _ _ _ _ _ _ _ _ _ _ _ _ _ _ _ _ _ _ _ _ _ _ _ _ _ _ _ _ _ _ _ _ _ _ _ _ _ _ _ _ _ _ _ _ _ _ _ _ _ _ _ _ _ _ _ _ _ _ _\npages/order_feed_page.py:46: in check_order_number_in_work\n    return self.visibility_of_element_located(OrderFeedPageLocators.ORDER_IN_WORK).text\npages/base_page.py:11: in visibility_of_element_located\n    return WebDriverWait(self.driver, time).until(\n_ _ _ _ _ _ _ _ _ _ _ _ _ _ _ _ _ _ _ _ _ _ _ _ _ _ _ _ _ _ _ _ _ _ _ _ _ _ _ _ _ _ _ _ _ _ _ _ _ _ _ _ _ _ _ _ _ _ _ _ _ _ _ _ _ _ _ _ _ _ _ _ _ _ _ _ _ _ _ _ _ _ _ _\n\nself = <selenium.webdriver.support.wait.WebDriverWait (session=\"21aebf12-90ea-4645-aa51-ddc85ddd6742\")>\nmethod = <function visibility_of_element_located.<locals>._predicate at 0x10ef7dee0>, message = ''\n\n    def until(self, method, message: str = \"\"):\n        \"\"\"Calls the method provided with the driver as an argument until the \\\n        return value does not evaluate to ``False``.\n    \n        :param method: callable(WebDriver)\n        :param message: optional message for :exc:`TimeoutException`\n        :returns: the result of the last call to `method`\n        :raises: :exc:`selenium.common.exceptions.TimeoutException` if timeout occurs\n        \"\"\"\n        screen = None\n        stacktrace = None\n    \n        end_time = time.monotonic() + self._timeout\n        while True:\n            try:\n                value = method(self._driver)\n                if value:\n                    return value\n            except self._ignored_exceptions as exc:\n                screen = getattr(exc, \"screen\", None)\n                stacktrace = getattr(exc, \"stacktrace\", None)\n            time.sleep(self._poll)\n            if time.monotonic() > end_time:\n                break\n>       raise TimeoutException(message, screen, stacktrace)\nE       selenium.common.exceptions.TimeoutException: Message: \nE       Stacktrace:\nE       RemoteError@chrome://remote/content/shared/RemoteError.sys.mjs:8:8\nE       WebDriverError@chrome://remote/content/shared/webdriver/Errors.sys.mjs:189:5\nE       NoSuchElementError@chrome://remote/content/shared/webdriver/Errors.sys.mjs:507:5\nE       dom.find/</<@chrome://remote/content/shared/DOM.sys.mjs:132:16\n\nenv/lib/python3.11/site-packages/selenium/webdriver/support/wait.py:95: TimeoutException"}, "steps": [{"name": "Проверить счетчик ингредиента", "status": "passed", "start": 1701529530659, "stop": 1701529530685}, {"name": "Кликнуть по кнопке \"Оформить заказ\"", "status": "passed", "start": 1701529531226, "stop": 1701529531453}, {"name": "Проверить номер заказа", "status": "passed", "start": 1701529531453, "stop": 1701529531470}, {"name": "Кликнуть по крестику в модальном окне \"Детали ингредиента\"", "status": "passed", "start": 1701529531470, "stop": 1701529531705}, {"name": "Кликнуть по кнопке \"Лента заказов\"", "status": "passed", "start": 1701529531705, "stop": 1701529531985}, {"name": "Проверить номер заказа в разделе \"В работе\"", "status": "broken", "statusDetails": {"message": "selenium.common.exceptions.TimeoutException: Message: \nStacktrace:\nRemoteError@chrome://remote/content/shared/RemoteError.sys.mjs:8:8\nWebDriverError@chrome://remote/content/shared/webdriver/Errors.sys.mjs:189:5\nNoSuchElementError@chrome://remote/content/shared/webdriver/Errors.sys.mjs:507:5\ndom.find/</<@chrome://remote/content/shared/DOM.sys.mjs:132:16\n\n", "trace": "  File \"/Users/sabinagraceva/Documents/Яндекс/Diplom/Diplom_3/env/lib/python3.11/site-packages/allure_commons/_allure.py\", line 192, in impl\n    return func(*a, **kw)\n           ^^^^^^^^^^^^^^\n  File \"/Users/sabinagraceva/Documents/Яндекс/Diplom/Diplom_3/pages/order_feed_page.py\", line 46, in check_order_number_in_work\n    return self.visibility_of_element_located(OrderFeedPageLocators.ORDER_IN_WORK).text\n           ^^^^^^^^^^^^^^^^^^^^^^^^^^^^^^^^^^^^^^^^^^^^^^^^^^^^^^^^^^^^^^^^^^^^^^^\n  File \"/Users/sabinagraceva/Documents/Яндекс/Diplom/Diplom_3/pages/base_page.py\", line 11, in visibility_of_element_located\n    return WebDriverWait(self.driver, time).until(\n           ^^^^^^^^^^^^^^^^^^^^^^^^^^^^^^^^^^^^^^^\n  File \"/Users/sabinagraceva/Documents/Яндекс/Diplom/Diplom_3/env/lib/python3.11/site-packages/selenium/webdriver/support/wait.py\", line 95, in until\n    raise TimeoutException(message, screen, stacktrace)\n"}, "start": 1701529531985, "stop": 1701529542112}], "parameters": [{"name": "driver", "value": "'firefox'"}], "start": 1701529530658, "stop": 1701529542122, "uuid": "b9f9dc15-f7dc-4f75-a7cf-d34143eae8c0", "historyId": "f807cff6d6f48de811901ae2a80e1756", "testCaseId": "f83e49053da7487511946738507445b0", "fullName": "tests.test_order_feed.TestOrderFeedPage#test_number_order_appears_in_work", "labels": [{"name": "parentSuite", "value": "tests"}, {"name": "suite", "value": "test_order_feed"}, {"name": "subSuite", "value": "TestOrderFeedPage"}, {"name": "host", "value": "MacBook-Pro-Sabina.local"}, {"name": "thread", "value": "61482-MainThread"}, {"name": "framework", "value": "pytest"}, {"name": "language", "value": "cpython3"}, {"name": "package", "value": "tests.test_order_feed"}]}