{"name": "Заказы пользователя из раздела «История заказов» отображаются на странице «Лента заказов»", "status": "broken", "statusDetails": {"message": "selenium.common.exceptions.ElementClickInterceptedException: Message: Element <a class=\"Account_link__2ETsJ text text_type_main-medium text_color_inactive\" href=\"/account/order-history\"> is not clickable at point (208,307) because another element <div class=\"Modal_modal_overlay__x2ZCr\"> obscures it\nStacktrace:\nRemoteError@chrome://remote/content/shared/RemoteError.sys.mjs:8:8\nWebDriverError@chrome://remote/content/shared/webdriver/Errors.sys.mjs:189:5\nElementClickInterceptedError@chrome://remote/content/shared/webdriver/Errors.sys.mjs:333:5\nwebdriverClickElement@chrome://remote/content/marionette/interaction.sys.mjs:176:11\ninteraction.clickElement@chrome://remote/content/marionette/interaction.sys.mjs:135:11\nclickElement@chrome://remote/content/marionette/actors/MarionetteCommandsChild.sys.mjs:202:29\nreceiveMessage@chrome://remote/content/marionette/actors/MarionetteCommandsChild.sys.mjs:84:31", "trace": "self = <test_order_feed.TestOrderFeedPage object at 0x10ed4c690>\ndriver = <selenium.webdriver.firefox.webdriver.WebDriver (session=\"c62d11af-da1e-41fd-8f15-e8fd20463514\")>\nlogin = <selenium.webdriver.firefox.webdriver.WebDriver (session=\"c62d11af-da1e-41fd-8f15-e8fd20463514\")>\n\n    @allure.title('Заказы пользователя из раздела «История заказов» отображаются на странице «Лента заказов»')\n    def test_order_details_displayed_in_orders_feed(self, driver, login):\n        main_page = MainPage(driver)\n        main_page.check_counter_ingredients()\n        main_page.drag_and_drop_on_element(locator_1=MainPageLocators.INGREDIENT, locator_2=MainPageLocators.DRAG_HERE)\n        main_page.click_button_create_order()\n        main_page.click_button_close_in_modal_window()\n        main_page.click_to_login_button()\n        account_file_page = AccountProfilePage(driver)\n>       account_file_page.click_button_orders_history()\n\ntests/test_order_feed.py:28: \n_ _ _ _ _ _ _ _ _ _ _ _ _ _ _ _ _ _ _ _ _ _ _ _ _ _ _ _ _ _ _ _ _ _ _ _ _ _ _ _ _ _ _ _ _ _ _ _ _ _ _ _ _ _ _ _ _ _ _ _ _ _ _ _ _ _ _ _ _ _ _ _ _ _ _ _ _ _ _ _ _ _ _ _\npages/account_profile_page.py:13: in click_button_orders_history\n    self.visibility_of_element_located(AccountProfilePageLocators.ORDERS_HISTORY).click()\nenv/lib/python3.11/site-packages/selenium/webdriver/remote/webelement.py:93: in click\n    self._execute(Command.CLICK_ELEMENT)\nenv/lib/python3.11/site-packages/selenium/webdriver/remote/webelement.py:394: in _execute\n    return self._parent.execute(command, params)\nenv/lib/python3.11/site-packages/selenium/webdriver/remote/webdriver.py:344: in execute\n    self.error_handler.check_response(response)\n_ _ _ _ _ _ _ _ _ _ _ _ _ _ _ _ _ _ _ _ _ _ _ _ _ _ _ _ _ _ _ _ _ _ _ _ _ _ _ _ _ _ _ _ _ _ _ _ _ _ _ _ _ _ _ _ _ _ _ _ _ _ _ _ _ _ _ _ _ _ _ _ _ _ _ _ _ _ _ _ _ _ _ _\n\nself = <selenium.webdriver.remote.errorhandler.ErrorHandler object at 0x10ee30590>\nresponse = {'status': 400, 'value': '{\"value\":{\"error\":\"element click intercepted\",\"message\":\"Element <a class=\\\\\"Account_link__2...sys.mjs:202:29\\\\nreceiveMessage@chrome://remote/content/marionette/actors/MarionetteCommandsChild.sys.mjs:84:31\\\\n\"}}'}\n\n    def check_response(self, response: Dict[str, Any]) -> None:\n        \"\"\"Checks that a JSON response from the WebDriver does not have an\n        error.\n    \n        :Args:\n         - response - The JSON response from the WebDriver server as a dictionary\n           object.\n    \n        :Raises: If the response contains an error message.\n        \"\"\"\n        status = response.get(\"status\", None)\n        if not status or status == ErrorCode.SUCCESS:\n            return\n        value = None\n        message = response.get(\"message\", \"\")\n        screen: str = response.get(\"screen\", \"\")\n        stacktrace = None\n        if isinstance(status, int):\n            value_json = response.get(\"value\", None)\n            if value_json and isinstance(value_json, str):\n                import json\n    \n                try:\n                    value = json.loads(value_json)\n                    if len(value) == 1:\n                        value = value[\"value\"]\n                    status = value.get(\"error\", None)\n                    if not status:\n                        status = value.get(\"status\", ErrorCode.UNKNOWN_ERROR)\n                        message = value.get(\"value\") or value.get(\"message\")\n                        if not isinstance(message, str):\n                            value = message\n                            message = message.get(\"message\")\n                    else:\n                        message = value.get(\"message\", None)\n                except ValueError:\n                    pass\n    \n        exception_class: Type[WebDriverException]\n        e = ErrorCode()\n        error_codes = [item for item in dir(e) if not item.startswith(\"__\")]\n        for error_code in error_codes:\n            error_info = getattr(ErrorCode, error_code)\n            if isinstance(error_info, list) and status in error_info:\n                exception_class = getattr(ExceptionMapping, error_code, WebDriverException)\n                break\n        else:\n            exception_class = WebDriverException\n    \n        if not value:\n            value = response[\"value\"]\n        if isinstance(value, str):\n            raise exception_class(value)\n        if message == \"\" and \"message\" in value:\n            message = value[\"message\"]\n    \n        screen = None  # type: ignore[assignment]\n        if \"screen\" in value:\n            screen = value[\"screen\"]\n    \n        stacktrace = None\n        st_value = value.get(\"stackTrace\") or value.get(\"stacktrace\")\n        if st_value:\n            if isinstance(st_value, str):\n                stacktrace = st_value.split(\"\\n\")\n            else:\n                stacktrace = []\n                try:\n                    for frame in st_value:\n                        line = frame.get(\"lineNumber\", \"\")\n                        file = frame.get(\"fileName\", \"<anonymous>\")\n                        if line:\n                            file = f\"{file}:{line}\"\n                        meth = frame.get(\"methodName\", \"<anonymous>\")\n                        if \"className\" in frame:\n                            meth = f\"{frame['className']}.{meth}\"\n                        msg = \"    at %s (%s)\"\n                        msg = msg % (meth, file)\n                        stacktrace.append(msg)\n                except TypeError:\n                    pass\n        if exception_class == UnexpectedAlertPresentException:\n            alert_text = None\n            if \"data\" in value:\n                alert_text = value[\"data\"].get(\"text\")\n            elif \"alert\" in value:\n                alert_text = value[\"alert\"].get(\"text\")\n            raise exception_class(message, screen, stacktrace, alert_text)  # type: ignore[call-arg]  # mypy is not smart enough here\n>       raise exception_class(message, screen, stacktrace)\nE       selenium.common.exceptions.ElementClickInterceptedException: Message: Element <a class=\"Account_link__2ETsJ text text_type_main-medium text_color_inactive\" href=\"/account/order-history\"> is not clickable at point (208,307) because another element <div class=\"Modal_modal_overlay__x2ZCr\"> obscures it\nE       Stacktrace:\nE       RemoteError@chrome://remote/content/shared/RemoteError.sys.mjs:8:8\nE       WebDriverError@chrome://remote/content/shared/webdriver/Errors.sys.mjs:189:5\nE       ElementClickInterceptedError@chrome://remote/content/shared/webdriver/Errors.sys.mjs:333:5\nE       webdriverClickElement@chrome://remote/content/marionette/interaction.sys.mjs:176:11\nE       interaction.clickElement@chrome://remote/content/marionette/interaction.sys.mjs:135:11\nE       clickElement@chrome://remote/content/marionette/actors/MarionetteCommandsChild.sys.mjs:202:29\nE       receiveMessage@chrome://remote/content/marionette/actors/MarionetteCommandsChild.sys.mjs:84:31\n\nenv/lib/python3.11/site-packages/selenium/webdriver/remote/errorhandler.py:229: ElementClickInterceptedException"}, "steps": [{"name": "Проверить счетчик ингредиента", "status": "passed", "start": 1701529477040, "stop": 1701529477063}, {"name": "Кликнуть по кнопке \"Оформить заказ\"", "status": "passed", "start": 1701529477617, "stop": 1701529477840}, {"name": "Кликнуть по крестику в модальном окне \"Детали ингредиента\"", "status": "passed", "start": 1701529477841, "stop": 1701529478077}, {"name": "Кликнуть по кнопке \"Личный кабинет\"", "status": "passed", "start": 1701529478077, "stop": 1701529478319}, {"name": "Кликнуть по кнопке \"История заказов\"", "status": "broken", "statusDetails": {"message": "selenium.common.exceptions.ElementClickInterceptedException: Message: Element <a class=\"Account_link__2ETsJ text text_type_main-medium text_color_inactive\" href=\"/account/order-history\"> is not clickable at point (208,307) because another element <div class=\"Modal_modal_overlay__x2ZCr\"> obscures it\nStacktrace:\nRemoteError@chrome://remote/content/shared/RemoteError.sys.mjs:8:8\nWebDriverError@chrome://remote/content/shared/webdriver/Errors.sys.mjs:189:5\nElementClickInterceptedError@chrome://remote/content/shared/webdriver/Errors.sys.mjs:333:5\nwebdriverClickElement@chrome://remote/content/marionette/interaction.sys.mjs:176:11\ninteraction.clickElement@chrome://remote/content/marionette/interaction.sys.mjs:135:11\nclickElement@chrome://remote/content/marionette/actors/MarionetteCommandsChild.sys.mjs:202:29\nreceiveMessage@chrome://remote/content/marionette/actors/MarionetteCommandsChild.sys.mjs:84:31\n\n", "trace": "  File \"/Users/sabinagraceva/Documents/Яндекс/Diplom/Diplom_3/env/lib/python3.11/site-packages/allure_commons/_allure.py\", line 192, in impl\n    return func(*a, **kw)\n           ^^^^^^^^^^^^^^\n  File \"/Users/sabinagraceva/Documents/Яндекс/Diplom/Diplom_3/pages/account_profile_page.py\", line 13, in click_button_orders_history\n    self.visibility_of_element_located(AccountProfilePageLocators.ORDERS_HISTORY).click()\n  File \"/Users/sabinagraceva/Documents/Яндекс/Diplom/Diplom_3/env/lib/python3.11/site-packages/selenium/webdriver/remote/webelement.py\", line 93, in click\n    self._execute(Command.CLICK_ELEMENT)\n  File \"/Users/sabinagraceva/Documents/Яндекс/Diplom/Diplom_3/env/lib/python3.11/site-packages/selenium/webdriver/remote/webelement.py\", line 394, in _execute\n    return self._parent.execute(command, params)\n           ^^^^^^^^^^^^^^^^^^^^^^^^^^^^^^^^^^^^^\n  File \"/Users/sabinagraceva/Documents/Яндекс/Diplom/Diplom_3/env/lib/python3.11/site-packages/selenium/webdriver/remote/webdriver.py\", line 344, in execute\n    self.error_handler.check_response(response)\n  File \"/Users/sabinagraceva/Documents/Яндекс/Diplom/Diplom_3/env/lib/python3.11/site-packages/selenium/webdriver/remote/errorhandler.py\", line 229, in check_response\n    raise exception_class(message, screen, stacktrace)\n"}, "start": 1701529478319, "stop": 1701529478353}], "parameters": [{"name": "driver", "value": "'firefox'"}], "start": 1701529477040, "stop": 1701529478359, "uuid": "34f27882-9d99-493e-9199-50e4b9a83fcd", "historyId": "dc34e91c2579dbbbecbe9836452da213", "testCaseId": "2909d69174a4488b1814c25fcdb7e1b8", "fullName": "tests.test_order_feed.TestOrderFeedPage#test_order_details_displayed_in_orders_feed", "labels": [{"name": "parentSuite", "value": "tests"}, {"name": "suite", "value": "test_order_feed"}, {"name": "subSuite", "value": "TestOrderFeedPage"}, {"name": "host", "value": "MacBook-Pro-Sabina.local"}, {"name": "thread", "value": "61482-MainThread"}, {"name": "framework", "value": "pytest"}, {"name": "language", "value": "cpython3"}, {"name": "package", "value": "tests.test_order_feed"}]}