{"name": "При добавлении ингредиента в заказ счётчик этого ингридиента увеличивается", "status": "failed", "statusDetails": {"message": "AssertionError: Не увеличивается счётчик ингредиента, добавденного в заказ\nassert 0 < 0\n +  where 0 = int('0')\n +  and   0 = int('0')", "trace": "self = <test_base_functional.TestBaseFunctional object at 0x10ed39bd0>\ndriver = <selenium.webdriver.firefox.webdriver.WebDriver (session=\"4ce3c285-cf12-4cd3-bf7d-5ffc6780ee9d\")>\nlogin = <selenium.webdriver.firefox.webdriver.WebDriver (session=\"4ce3c285-cf12-4cd3-bf7d-5ffc6780ee9d\")>\n\n    @allure.title('При добавлении ингредиента в заказ счётчик этого ингридиента увеличивается')\n    def test_counter_ingredients(self, driver, login):\n        main_page = MainPage(driver)\n        counter_1 = main_page.check_counter_ingredients()\n        main_page.drag_and_drop_on_element(locator_1=MainPageLocators.INGREDIENT, locator_2=MainPageLocators.DRAG_HERE)\n        counter_2 = main_page.check_counter_ingredients()\n>       assert int(counter_1) < int(counter_2), 'Не увеличивается счётчик ингредиента, добавденного в заказ'\nE       AssertionError: Не увеличивается счётчик ингредиента, добавденного в заказ\nE       assert 0 < 0\nE        +  where 0 = int('0')\nE        +  and   0 = int('0')\n\ntests/test_base_functional.py:43: AssertionError"}, "steps": [{"name": "Проверить счетчик ингредиента", "status": "passed", "start": 1701529430670, "stop": 1701529431715}, {"name": "Проверить счетчик ингредиента", "status": "passed", "start": 1701529432250, "stop": 1701529432268}], "parameters": [{"name": "driver", "value": "'firefox'"}], "start": 1701529430669, "stop": 1701529432269, "uuid": "efcaa4b7-caef-45ef-99f9-b252ebaee55b", "historyId": "4462bdbf4180e0a413d97aa2efc1e109", "testCaseId": "68bd6c49f3f1e226af1d6905366b584d", "fullName": "tests.test_base_functional.TestBaseFunctional#test_counter_ingredients", "labels": [{"name": "parentSuite", "value": "tests"}, {"name": "suite", "value": "test_base_functional"}, {"name": "subSuite", "value": "TestBaseFunctional"}, {"name": "host", "value": "MacBook-Pro-Sabina.local"}, {"name": "thread", "value": "61482-MainThread"}, {"name": "framework", "value": "pytest"}, {"name": "language", "value": "cpython3"}, {"name": "package", "value": "tests.test_base_functional"}]}